2023/10/25 13:22:57 [notice] 1#1: using the "epoll" event method
2023/10/25 13:22:57 [notice] 1#1: nginx/1.24.0
2023/10/25 13:22:57 [notice] 1#1: built by gcc 12.2.1 20220924 (Alpine 12.2.1_git20220924-r4) 
2023/10/25 13:22:57 [notice] 1#1: OS: Linux 5.15.90.1-microsoft-standard-WSL2
2023/10/25 13:22:57 [notice] 1#1: getrlimit(RLIMIT_NOFILE): 1048576:1048576
2023/10/25 13:22:57 [notice] 1#1: start worker processes
2023/10/25 13:22:57 [notice] 1#1: start worker process 20
2023/10/25 13:22:57 [notice] 1#1: start worker process 21
2023/10/25 13:22:57 [notice] 1#1: start worker process 22
2023/10/25 13:22:57 [notice] 1#1: start worker process 23
2023/10/25 13:22:57 [notice] 1#1: start worker process 24
2023/10/25 13:22:57 [notice] 1#1: start worker process 25
2023/10/25 13:22:57 [notice] 1#1: start worker process 26
2023/10/25 13:22:57 [notice] 1#1: start worker process 27
2023/10/25 13:22:57 [notice] 1#1: start worker process 28
2023/10/25 13:22:57 [notice] 1#1: start worker process 29
2023/10/25 13:22:57 [notice] 1#1: start worker process 30
2023/10/25 13:22:57 [notice] 1#1: start worker process 31
2023/10/25 13:30:19 [notice] 1#1: signal 3 (SIGQUIT) received, shutting down
2023/10/25 13:30:19 [notice] 21#21: gracefully shutting down
2023/10/25 13:30:19 [notice] 28#28: gracefully shutting down
2023/10/25 13:30:19 [notice] 30#30: gracefully shutting down
2023/10/25 13:30:19 [notice] 30#30: exiting
2023/10/25 13:30:19 [notice] 26#26: gracefully shutting down
2023/10/25 13:30:19 [notice] 25#25: gracefully shutting down
2023/10/25 13:30:19 [notice] 20#20: gracefully shutting down
2023/10/25 13:30:19 [notice] 31#31: gracefully shutting down
2023/10/25 13:30:19 [notice] 29#29: gracefully shutting down
2023/10/25 13:30:19 [notice] 23#23: gracefully shutting down
2023/10/25 13:30:19 [notice] 27#27: gracefully shutting down
2023/10/25 13:30:19 [notice] 22#22: gracefully shutting down
2023/10/25 13:30:19 [notice] 21#21: exiting
2023/10/25 13:30:19 [notice] 21#21: exit
2023/10/25 13:30:19 [notice] 24#24: gracefully shutting down
2023/10/25 13:30:19 [notice] 28#28: exiting
2023/10/25 13:30:19 [notice] 30#30: exit
2023/10/25 13:30:19 [notice] 26#26: exiting
2023/10/25 13:30:19 [notice] 25#25: exiting
2023/10/25 13:30:19 [notice] 20#20: exiting
2023/10/25 13:30:19 [notice] 31#31: exiting
2023/10/25 13:30:19 [notice] 29#29: exiting
2023/10/25 13:30:19 [notice] 23#23: exiting
2023/10/25 13:30:19 [notice] 27#27: exiting
2023/10/25 13:30:19 [notice] 22#22: exiting
2023/10/25 13:30:19 [notice] 24#24: exiting
2023/10/25 13:30:19 [notice] 28#28: exit
2023/10/25 13:30:19 [notice] 26#26: exit
2023/10/25 13:30:19 [notice] 25#25: exit
2023/10/25 13:30:19 [notice] 20#20: exit
2023/10/25 13:30:19 [notice] 31#31: exit
2023/10/25 13:30:19 [notice] 29#29: exit
2023/10/25 13:30:19 [notice] 23#23: exit
2023/10/25 13:30:19 [notice] 27#27: exit
2023/10/25 13:30:19 [notice] 22#22: exit
2023/10/25 13:30:19 [notice] 24#24: exit
2023/10/25 13:30:19 [notice] 1#1: signal 17 (SIGCHLD) received from 31
2023/10/25 13:30:19 [notice] 1#1: worker process 31 exited with code 0
2023/10/25 13:30:19 [notice] 1#1: signal 29 (SIGIO) received
2023/10/25 13:30:19 [notice] 1#1: signal 17 (SIGCHLD) received from 30
2023/10/25 13:30:19 [notice] 1#1: worker process 22 exited with code 0
2023/10/25 13:30:19 [notice] 1#1: worker process 23 exited with code 0
2023/10/25 13:30:19 [notice] 1#1: worker process 24 exited with code 0
2023/10/25 13:30:19 [notice] 1#1: worker process 25 exited with code 0
2023/10/25 13:30:19 [notice] 1#1: worker process 26 exited with code 0
2023/10/25 13:30:19 [notice] 1#1: worker process 28 exited with code 0
2023/10/25 13:30:19 [notice] 1#1: worker process 29 exited with code 0
2023/10/25 13:30:19 [notice] 1#1: worker process 30 exited with code 0
2023/10/25 13:30:19 [notice] 1#1: signal 29 (SIGIO) received
2023/10/25 13:30:19 [notice] 1#1: signal 17 (SIGCHLD) received from 20
2023/10/25 13:30:19 [notice] 1#1: worker process 20 exited with code 0
2023/10/25 13:30:19 [notice] 1#1: signal 29 (SIGIO) received
2023/10/25 13:30:19 [notice] 1#1: signal 17 (SIGCHLD) received from 21
2023/10/25 13:30:19 [notice] 1#1: worker process 21 exited with code 0
2023/10/25 13:30:19 [notice] 1#1: signal 29 (SIGIO) received
2023/10/25 13:30:19 [notice] 1#1: signal 17 (SIGCHLD) received from 27
2023/10/25 13:30:19 [notice] 1#1: worker process 27 exited with code 0
2023/10/25 13:30:19 [notice] 1#1: exit
2023/10/25 13:30:21 [notice] 1#1: using the "epoll" event method
2023/10/25 13:30:21 [notice] 1#1: nginx/1.24.0
2023/10/25 13:30:21 [notice] 1#1: built by gcc 12.2.1 20220924 (Alpine 12.2.1_git20220924-r4) 
2023/10/25 13:30:21 [notice] 1#1: OS: Linux 5.15.90.1-microsoft-standard-WSL2
2023/10/25 13:30:21 [notice] 1#1: getrlimit(RLIMIT_NOFILE): 1048576:1048576
2023/10/25 13:30:21 [notice] 1#1: start worker processes
2023/10/25 13:30:21 [notice] 1#1: start worker process 20
2023/10/25 13:30:21 [notice] 1#1: start worker process 21
2023/10/25 13:30:21 [notice] 1#1: start worker process 22
2023/10/25 13:30:21 [notice] 1#1: start worker process 23
2023/10/25 13:30:21 [notice] 1#1: start worker process 24
2023/10/25 13:30:21 [notice] 1#1: start worker process 25
2023/10/25 13:30:21 [notice] 1#1: start worker process 26
2023/10/25 13:30:21 [notice] 1#1: start worker process 27
2023/10/25 13:30:21 [notice] 1#1: start worker process 28
2023/10/25 13:30:21 [notice] 1#1: start worker process 29
2023/10/25 13:30:21 [notice] 1#1: start worker process 30
2023/10/25 13:30:21 [notice] 1#1: start worker process 31
2023/10/25 13:41:26 [notice] 1#1: signal 3 (SIGQUIT) received, shutting down
2023/10/25 13:41:26 [notice] 20#20: gracefully shutting down
2023/10/25 13:41:26 [notice] 22#22: gracefully shutting down
2023/10/25 13:41:26 [notice] 21#21: gracefully shutting down
2023/10/25 13:41:26 [notice] 23#23: gracefully shutting down
2023/10/25 13:41:26 [notice] 24#24: gracefully shutting down
2023/10/25 13:41:26 [notice] 25#25: gracefully shutting down
2023/10/25 13:41:26 [notice] 26#26: gracefully shutting down
2023/10/25 13:41:26 [notice] 28#28: gracefully shutting down
2023/10/25 13:41:26 [notice] 27#27: gracefully shutting down
2023/10/25 13:41:26 [notice] 29#29: gracefully shutting down
2023/10/25 13:41:26 [notice] 30#30: gracefully shutting down
2023/10/25 13:41:26 [notice] 31#31: gracefully shutting down
2023/10/25 13:41:26 [notice] 20#20: exiting
2023/10/25 13:41:26 [notice] 22#22: exiting
2023/10/25 13:41:26 [notice] 21#21: exiting
2023/10/25 13:41:26 [notice] 23#23: exiting
2023/10/25 13:41:26 [notice] 24#24: exiting
2023/10/25 13:41:26 [notice] 25#25: exiting
2023/10/25 13:41:26 [notice] 26#26: exiting
2023/10/25 13:41:26 [notice] 28#28: exiting
2023/10/25 13:41:26 [notice] 27#27: exiting
2023/10/25 13:41:26 [notice] 29#29: exiting
2023/10/25 13:41:26 [notice] 30#30: exiting
2023/10/25 13:41:26 [notice] 31#31: exiting
2023/10/25 13:41:26 [notice] 20#20: exit
2023/10/25 13:41:26 [notice] 22#22: exit
2023/10/25 13:41:26 [notice] 21#21: exit
2023/10/25 13:41:26 [notice] 23#23: exit
2023/10/25 13:41:26 [notice] 24#24: exit
2023/10/25 13:41:26 [notice] 25#25: exit
2023/10/25 13:41:26 [notice] 26#26: exit
2023/10/25 13:41:26 [notice] 28#28: exit
2023/10/25 13:41:26 [notice] 27#27: exit
2023/10/25 13:41:26 [notice] 29#29: exit
2023/10/25 13:41:26 [notice] 30#30: exit
2023/10/25 13:41:26 [notice] 31#31: exit
2023/10/25 13:41:26 [notice] 1#1: signal 17 (SIGCHLD) received from 30
2023/10/25 13:41:26 [notice] 1#1: worker process 21 exited with code 0
2023/10/25 13:41:26 [notice] 1#1: worker process 23 exited with code 0
2023/10/25 13:41:26 [notice] 1#1: worker process 24 exited with code 0
2023/10/25 13:41:26 [notice] 1#1: worker process 25 exited with code 0
2023/10/25 13:41:26 [notice] 1#1: worker process 27 exited with code 0
2023/10/25 13:41:26 [notice] 1#1: worker process 30 exited with code 0
2023/10/25 13:41:26 [notice] 1#1: signal 29 (SIGIO) received
2023/10/25 13:41:26 [notice] 1#1: signal 17 (SIGCHLD) received from 23
2023/10/25 13:41:26 [notice] 1#1: signal 17 (SIGCHLD) received from 28
2023/10/25 13:41:26 [notice] 1#1: worker process 22 exited with code 0
2023/10/25 13:41:26 [notice] 1#1: worker process 28 exited with code 0
2023/10/25 13:41:26 [notice] 1#1: signal 29 (SIGIO) received
2023/10/25 13:41:26 [notice] 1#1: signal 17 (SIGCHLD) received from 29
2023/10/25 13:41:26 [notice] 1#1: worker process 20 exited with code 0
2023/10/25 13:41:26 [notice] 1#1: worker process 26 exited with code 0
2023/10/25 13:41:26 [notice] 1#1: worker process 29 exited with code 0
2023/10/25 13:41:26 [notice] 1#1: worker process 31 exited with code 0
2023/10/25 13:41:26 [notice] 1#1: exit
2023/10/25 13:41:55 [notice] 1#1: using the "epoll" event method
2023/10/25 13:41:55 [notice] 1#1: nginx/1.24.0
2023/10/25 13:41:55 [notice] 1#1: built by gcc 12.2.1 20220924 (Alpine 12.2.1_git20220924-r4) 
2023/10/25 13:41:55 [notice] 1#1: OS: Linux 5.15.90.1-microsoft-standard-WSL2
2023/10/25 13:41:55 [notice] 1#1: getrlimit(RLIMIT_NOFILE): 1048576:1048576
2023/10/25 13:41:55 [notice] 1#1: start worker processes
2023/10/25 13:41:55 [notice] 1#1: start worker process 20
2023/10/25 13:41:55 [notice] 1#1: start worker process 21
2023/10/25 13:41:55 [notice] 1#1: start worker process 22
2023/10/25 13:41:55 [notice] 1#1: start worker process 23
2023/10/25 13:41:55 [notice] 1#1: start worker process 24
2023/10/25 13:41:55 [notice] 1#1: start worker process 25
2023/10/25 13:41:55 [notice] 1#1: start worker process 26
2023/10/25 13:41:55 [notice] 1#1: start worker process 27
2023/10/25 13:41:55 [notice] 1#1: start worker process 28
2023/10/25 13:41:55 [notice] 1#1: start worker process 29
2023/10/25 13:41:55 [notice] 1#1: start worker process 30
2023/10/25 13:41:55 [notice] 1#1: start worker process 31
2023/10/25 13:43:16 [notice] 1#1: signal 3 (SIGQUIT) received, shutting down
2023/10/25 13:43:16 [notice] 20#20: gracefully shutting down
2023/10/25 13:43:16 [notice] 21#21: gracefully shutting down
2023/10/25 13:43:16 [notice] 22#22: gracefully shutting down
2023/10/25 13:43:16 [notice] 23#23: gracefully shutting down
2023/10/25 13:43:16 [notice] 24#24: gracefully shutting down
2023/10/25 13:43:16 [notice] 25#25: gracefully shutting down
2023/10/25 13:43:16 [notice] 27#27: gracefully shutting down
2023/10/25 13:43:16 [notice] 26#26: gracefully shutting down
2023/10/25 13:43:16 [notice] 28#28: gracefully shutting down
2023/10/25 13:43:16 [notice] 29#29: gracefully shutting down
2023/10/25 13:43:16 [notice] 30#30: gracefully shutting down
2023/10/25 13:43:16 [notice] 31#31: gracefully shutting down
2023/10/25 13:43:16 [notice] 20#20: exiting
2023/10/25 13:43:16 [notice] 21#21: exiting
2023/10/25 13:43:16 [notice] 22#22: exiting
2023/10/25 13:43:16 [notice] 23#23: exiting
2023/10/25 13:43:16 [notice] 24#24: exiting
2023/10/25 13:43:16 [notice] 25#25: exiting
2023/10/25 13:43:16 [notice] 27#27: exiting
2023/10/25 13:43:16 [notice] 26#26: exiting
2023/10/25 13:43:16 [notice] 28#28: exiting
2023/10/25 13:43:16 [notice] 29#29: exiting
2023/10/25 13:43:16 [notice] 30#30: exiting
2023/10/25 13:43:16 [notice] 31#31: exiting
2023/10/25 13:43:16 [notice] 20#20: exit
2023/10/25 13:43:16 [notice] 21#21: exit
2023/10/25 13:43:16 [notice] 22#22: exit
2023/10/25 13:43:16 [notice] 23#23: exit
2023/10/25 13:43:16 [notice] 24#24: exit
2023/10/25 13:43:16 [notice] 25#25: exit
2023/10/25 13:43:16 [notice] 27#27: exit
2023/10/25 13:43:16 [notice] 26#26: exit
2023/10/25 13:43:16 [notice] 28#28: exit
2023/10/25 13:43:16 [notice] 29#29: exit
2023/10/25 13:43:16 [notice] 30#30: exit
2023/10/25 13:43:16 [notice] 31#31: exit
2023/10/25 13:43:16 [notice] 1#1: signal 17 (SIGCHLD) received from 22
2023/10/25 13:43:16 [notice] 1#1: worker process 20 exited with code 0
2023/10/25 13:43:16 [notice] 1#1: worker process 22 exited with code 0
2023/10/25 13:43:16 [notice] 1#1: worker process 27 exited with code 0
2023/10/25 13:43:16 [notice] 1#1: signal 29 (SIGIO) received
2023/10/25 13:43:16 [notice] 1#1: signal 17 (SIGCHLD) received from 31
2023/10/25 13:43:16 [notice] 1#1: worker process 21 exited with code 0
2023/10/25 13:43:16 [notice] 1#1: worker process 23 exited with code 0
2023/10/25 13:43:16 [notice] 1#1: worker process 24 exited with code 0
2023/10/25 13:43:16 [notice] 1#1: worker process 25 exited with code 0
2023/10/25 13:43:16 [notice] 1#1: worker process 26 exited with code 0
2023/10/25 13:43:16 [notice] 1#1: worker process 29 exited with code 0
2023/10/25 13:43:16 [notice] 1#1: worker process 30 exited with code 0
2023/10/25 13:43:16 [notice] 1#1: worker process 31 exited with code 0
2023/10/25 13:43:16 [notice] 1#1: signal 29 (SIGIO) received
2023/10/25 13:43:16 [notice] 1#1: signal 17 (SIGCHLD) received from 26
2023/10/25 13:43:16 [notice] 1#1: signal 17 (SIGCHLD) received from 28
2023/10/25 13:43:16 [notice] 1#1: worker process 28 exited with code 0
2023/10/25 13:43:16 [notice] 1#1: exit
2023/10/25 13:45:44 [notice] 1#1: using the "epoll" event method
2023/10/25 13:45:44 [notice] 1#1: nginx/1.24.0
2023/10/25 13:45:44 [notice] 1#1: built by gcc 12.2.1 20220924 (Alpine 12.2.1_git20220924-r4) 
2023/10/25 13:45:44 [notice] 1#1: OS: Linux 5.15.90.1-microsoft-standard-WSL2
2023/10/25 13:45:44 [notice] 1#1: getrlimit(RLIMIT_NOFILE): 1048576:1048576
2023/10/25 13:45:44 [notice] 1#1: start worker processes
2023/10/25 13:45:44 [notice] 1#1: start worker process 20
2023/10/25 13:45:44 [notice] 1#1: start worker process 21
2023/10/25 13:45:44 [notice] 1#1: start worker process 22
2023/10/25 13:45:44 [notice] 1#1: start worker process 23
2023/10/25 13:45:44 [notice] 1#1: start worker process 24
2023/10/25 13:45:44 [notice] 1#1: start worker process 25
2023/10/25 13:45:44 [notice] 1#1: start worker process 26
2023/10/25 13:45:44 [notice] 1#1: start worker process 27
2023/10/25 13:45:44 [notice] 1#1: start worker process 28
2023/10/25 13:45:44 [notice] 1#1: start worker process 29
2023/10/25 13:45:44 [notice] 1#1: start worker process 30
2023/10/25 13:45:44 [notice] 1#1: start worker process 31
2023/10/25 13:47:21 [notice] 1#1: signal 3 (SIGQUIT) received, shutting down
2023/10/25 13:47:21 [notice] 20#20: gracefully shutting down
2023/10/25 13:47:21 [notice] 21#21: gracefully shutting down
2023/10/25 13:47:21 [notice] 22#22: gracefully shutting down
2023/10/25 13:47:21 [notice] 24#24: gracefully shutting down
2023/10/25 13:47:21 [notice] 23#23: gracefully shutting down
2023/10/25 13:47:21 [notice] 25#25: gracefully shutting down
2023/10/25 13:47:21 [notice] 26#26: gracefully shutting down
2023/10/25 13:47:21 [notice] 28#28: gracefully shutting down
2023/10/25 13:47:21 [notice] 29#29: gracefully shutting down
2023/10/25 13:47:21 [notice] 27#27: gracefully shutting down
2023/10/25 13:47:21 [notice] 30#30: gracefully shutting down
2023/10/25 13:47:21 [notice] 31#31: gracefully shutting down
2023/10/25 13:47:21 [notice] 20#20: exiting
2023/10/25 13:47:21 [notice] 21#21: exiting
2023/10/25 13:47:21 [notice] 22#22: exiting
2023/10/25 13:47:21 [notice] 24#24: exiting
2023/10/25 13:47:21 [notice] 23#23: exiting
2023/10/25 13:47:21 [notice] 25#25: exiting
2023/10/25 13:47:21 [notice] 26#26: exiting
2023/10/25 13:47:21 [notice] 28#28: exiting
2023/10/25 13:47:21 [notice] 29#29: exiting
2023/10/25 13:47:21 [notice] 27#27: exiting
2023/10/25 13:47:21 [notice] 30#30: exiting
2023/10/25 13:47:21 [notice] 31#31: exiting
2023/10/25 13:47:21 [notice] 20#20: exit
2023/10/25 13:47:21 [notice] 21#21: exit
2023/10/25 13:47:21 [notice] 22#22: exit
2023/10/25 13:47:21 [notice] 24#24: exit
2023/10/25 13:47:21 [notice] 23#23: exit
2023/10/25 13:47:21 [notice] 25#25: exit
2023/10/25 13:47:21 [notice] 26#26: exit
2023/10/25 13:47:21 [notice] 28#28: exit
2023/10/25 13:47:21 [notice] 29#29: exit
2023/10/25 13:47:21 [notice] 27#27: exit
2023/10/25 13:47:21 [notice] 30#30: exit
2023/10/25 13:47:21 [notice] 31#31: exit
2023/10/25 13:47:21 [notice] 1#1: signal 17 (SIGCHLD) received from 23
2023/10/25 13:47:21 [notice] 1#1: worker process 20 exited with code 0
2023/10/25 13:47:21 [notice] 1#1: worker process 21 exited with code 0
2023/10/25 13:47:21 [notice] 1#1: worker process 23 exited with code 0
2023/10/25 13:47:21 [notice] 1#1: signal 29 (SIGIO) received
2023/10/25 13:47:21 [notice] 1#1: signal 17 (SIGCHLD) received from 24
2023/10/25 13:47:21 [notice] 1#1: worker process 22 exited with code 0
2023/10/25 13:47:21 [notice] 1#1: worker process 24 exited with code 0
2023/10/25 13:47:21 [notice] 1#1: signal 29 (SIGIO) received
2023/10/25 13:47:21 [notice] 1#1: signal 17 (SIGCHLD) received from 22
2023/10/25 13:47:21 [notice] 1#1: signal 17 (SIGCHLD) received from 27
2023/10/25 13:47:21 [notice] 1#1: worker process 26 exited with code 0
2023/10/25 13:47:21 [notice] 1#1: worker process 27 exited with code 0
2023/10/25 13:47:21 [notice] 1#1: signal 29 (SIGIO) received
2023/10/25 13:47:21 [notice] 1#1: signal 17 (SIGCHLD) received from 31
2023/10/25 13:47:21 [notice] 1#1: worker process 25 exited with code 0
2023/10/25 13:47:21 [notice] 1#1: worker process 28 exited with code 0
2023/10/25 13:47:21 [notice] 1#1: worker process 29 exited with code 0
2023/10/25 13:47:21 [notice] 1#1: worker process 31 exited with code 0
2023/10/25 13:47:21 [notice] 1#1: signal 29 (SIGIO) received
2023/10/25 13:47:21 [notice] 1#1: signal 17 (SIGCHLD) received from 30
2023/10/25 13:47:21 [notice] 1#1: worker process 30 exited with code 0
2023/10/25 13:47:21 [notice] 1#1: exit
2023/10/25 13:47:33 [notice] 1#1: using the "epoll" event method
2023/10/25 13:47:33 [notice] 1#1: nginx/1.24.0
2023/10/25 13:47:33 [notice] 1#1: built by gcc 12.2.1 20220924 (Alpine 12.2.1_git20220924-r4) 
2023/10/25 13:47:33 [notice] 1#1: OS: Linux 5.15.90.1-microsoft-standard-WSL2
2023/10/25 13:47:33 [notice] 1#1: getrlimit(RLIMIT_NOFILE): 1048576:1048576
2023/10/25 13:47:33 [notice] 1#1: start worker processes
2023/10/25 13:47:33 [notice] 1#1: start worker process 20
2023/10/25 13:47:33 [notice] 1#1: start worker process 21
2023/10/25 13:47:33 [notice] 1#1: start worker process 22
2023/10/25 13:47:33 [notice] 1#1: start worker process 23
2023/10/25 13:47:33 [notice] 1#1: start worker process 24
2023/10/25 13:47:33 [notice] 1#1: start worker process 25
2023/10/25 13:47:33 [notice] 1#1: start worker process 26
2023/10/25 13:47:33 [notice] 1#1: start worker process 27
2023/10/25 13:47:33 [notice] 1#1: start worker process 28
2023/10/25 13:47:33 [notice] 1#1: start worker process 29
2023/10/25 13:47:33 [notice] 1#1: start worker process 30
2023/10/25 13:47:33 [notice] 1#1: start worker process 31
2023/10/25 14:43:23 [notice] 1#1: signal 3 (SIGQUIT) received, shutting down
2023/10/25 14:43:23 [notice] 20#20: gracefully shutting down
2023/10/25 14:43:23 [notice] 21#21: gracefully shutting down
2023/10/25 14:43:23 [notice] 26#26: gracefully shutting down
2023/10/25 14:43:23 [notice] 29#29: gracefully shutting down
2023/10/25 14:43:23 [notice] 20#20: exiting
2023/10/25 14:43:23 [notice] 22#22: gracefully shutting down
2023/10/25 14:43:23 [notice] 28#28: gracefully shutting down
2023/10/25 14:43:23 [notice] 31#31: gracefully shutting down
2023/10/25 14:43:23 [notice] 25#25: gracefully shutting down
2023/10/25 14:43:23 [notice] 23#23: gracefully shutting down
2023/10/25 14:43:23 [notice] 27#27: gracefully shutting down
2023/10/25 14:43:23 [notice] 30#30: gracefully shutting down
2023/10/25 14:43:23 [notice] 24#24: gracefully shutting down
2023/10/25 14:43:23 [notice] 21#21: exiting
2023/10/25 14:43:23 [notice] 26#26: exiting
2023/10/25 14:43:23 [notice] 29#29: exiting
2023/10/25 14:43:23 [notice] 20#20: exit
2023/10/25 14:43:23 [notice] 22#22: exiting
2023/10/25 14:43:23 [notice] 28#28: exiting
2023/10/25 14:43:23 [notice] 31#31: exiting
2023/10/25 14:43:23 [notice] 25#25: exiting
2023/10/25 14:43:23 [notice] 23#23: exiting
2023/10/25 14:43:23 [notice] 27#27: exiting
2023/10/25 14:43:23 [notice] 30#30: exiting
2023/10/25 14:43:23 [notice] 21#21: exit
2023/10/25 14:43:23 [notice] 24#24: exiting
2023/10/25 14:43:23 [notice] 26#26: exit
2023/10/25 14:43:23 [notice] 29#29: exit
2023/10/25 14:43:23 [notice] 22#22: exit
2023/10/25 14:43:23 [notice] 28#28: exit
2023/10/25 14:43:23 [notice] 31#31: exit
2023/10/25 14:43:23 [notice] 25#25: exit
2023/10/25 14:43:23 [notice] 23#23: exit
2023/10/25 14:43:23 [notice] 27#27: exit
2023/10/25 14:43:23 [notice] 30#30: exit
2023/10/25 14:43:23 [notice] 24#24: exit
2023/10/25 14:43:23 [notice] 1#1: signal 17 (SIGCHLD) received from 27
2023/10/25 14:43:23 [notice] 1#1: worker process 23 exited with code 0
2023/10/25 14:43:23 [notice] 1#1: worker process 24 exited with code 0
2023/10/25 14:43:23 [notice] 1#1: worker process 27 exited with code 0
2023/10/25 14:43:23 [notice] 1#1: worker process 31 exited with code 0
2023/10/25 14:43:23 [notice] 1#1: signal 29 (SIGIO) received
2023/10/25 14:43:23 [notice] 1#1: signal 17 (SIGCHLD) received from 30
2023/10/25 14:43:23 [notice] 1#1: worker process 29 exited with code 0
2023/10/25 14:43:23 [notice] 1#1: worker process 30 exited with code 0
2023/10/25 14:43:23 [notice] 1#1: signal 29 (SIGIO) received
2023/10/25 14:43:23 [notice] 1#1: signal 17 (SIGCHLD) received from 29
2023/10/25 14:43:23 [notice] 1#1: signal 17 (SIGCHLD) received from 26
2023/10/25 14:43:23 [notice] 1#1: worker process 20 exited with code 0
2023/10/25 14:43:23 [notice] 1#1: worker process 22 exited with code 0
2023/10/25 14:43:23 [notice] 1#1: worker process 26 exited with code 0
2023/10/25 14:43:23 [notice] 1#1: worker process 28 exited with code 0
2023/10/25 14:43:23 [notice] 1#1: signal 29 (SIGIO) received
2023/10/25 14:43:23 [notice] 1#1: signal 17 (SIGCHLD) received from 20
2023/10/25 14:43:23 [notice] 1#1: signal 17 (SIGCHLD) received from 25
2023/10/25 14:43:23 [notice] 1#1: worker process 25 exited with code 0
2023/10/25 14:43:23 [notice] 1#1: signal 29 (SIGIO) received
2023/10/25 14:43:23 [notice] 1#1: signal 17 (SIGCHLD) received from 21
2023/10/25 14:43:23 [notice] 1#1: worker process 21 exited with code 0
2023/10/25 14:43:23 [notice] 1#1: exit
